JzframeWork/build/intermediates/manifest_merge_blame_file/debug/manifest-merger-blame-debug-report.txt
1<?xml version="1.0" encoding="utf-8"?>
2<manifest xmlns:android="http://schemas.android.com/apk/res/android"
3    package="com.orange.jzchi"
4    android:versionCode="1"
5    android:versionName="1.0" >
6
7    <uses-sdk
8        android:minSdkVersion="21"
8-->src/main/AndroidManifest.xml
9        android:targetSdkVersion="28" />
9-->src/main/AndroidManifest.xml
10
11    <uses-feature android:name="android.hardware.camera.autofocus" />
11-->src/main/AndroidManifest.xml:4:5-70
11-->src/main/AndroidManifest.xml:4:19-67
12
13    <uses-permission android:name="android.permission.CAMERA" />
13-->src/main/AndroidManifest.xml:5:5-65
13-->src/main/AndroidManifest.xml:5:22-62
14
15    <uses-feature android:name="android.hardware.camera" />
15-->src/main/AndroidManifest.xml:6:5-60
15-->src/main/AndroidManifest.xml:6:19-57
16
17    <uses-permission android:name="android.permission.BLUETOOTH" />
17-->src/main/AndroidManifest.xml:7:5-68
17-->src/main/AndroidManifest.xml:7:22-65
18    <uses-permission android:name="android.permission.BLUETOOTH_ADMIN" />
18-->src/main/AndroidManifest.xml:8:5-74
18-->src/main/AndroidManifest.xml:8:22-71
19    <uses-permission android:name="android.permission.FOREGROUND_SERVICE" /> <!-- File Permission -->
19-->src/main/AndroidManifest.xml:9:5-77
19-->src/main/AndroidManifest.xml:9:22-74
20    <uses-permission android:name="android.permission.WRITE_EXTERNAL_STORAGE" />
20-->src/main/AndroidManifest.xml:10:5-81
20-->src/main/AndroidManifest.xml:10:22-78
21    <uses-permission android:name="android.permission.READ_EXTERNAL_STORAGE" />
21-->src/main/AndroidManifest.xml:11:5-80
21-->src/main/AndroidManifest.xml:11:22-77
22    <uses-permission android:name="android.permission.INTERNET" />
22-->src/main/AndroidManifest.xml:12:5-67
22-->src/main/AndroidManifest.xml:12:22-64
23    <uses-permission android:name="android.permission.ACCESS_COARSE_LOCATION" />
23-->src/main/AndroidManifest.xml:13:5-81
23-->src/main/AndroidManifest.xml:13:22-78
24    <uses-permission android:name="android.permission.ACCESS_FINE_LOCATION" />
24-->src/main/AndroidManifest.xml:14:5-79
24-->src/main/AndroidManifest.xml:14:22-76
25
26</manifest>